[2m3:02:45 p.m.[22m [31m[1m[vite][22m[39m [31mInternal server error: Failed to parse source for import analysis because the content contains invalid JS syntax. If you are using JSX, make sure to name the file with the .jsx or .tsx extension.[39m
  Plugin: [35mvite:import-analysis[39m
  File: [36mF:/Peter/Practice/Fuel-Tracker/src/services/excelService.js[39m:10:0
[33m  8  |    'fueltracker-maintenance-reminders-v2': 'Reminders',
  9  |    'fueltracker-maintenance-categories-v1': 'Categories'
  10 |  };
     |  ^
  11 |  
  12 |  export const excelService = {[39m
      at TransformPluginContext._formatLog (file:///f:/Peter/Practice/Fuel-Tracker/node_modules/vite/dist/node/chunks/config.js:28999:43)
      at TransformPluginContext.error (file:///f:/Peter/Practice/Fuel-Tracker/node_modules/vite/dist/node/chunks/config.js:28996:14)
      at TransformPluginContext.transform (file:///f:/Peter/Practice/Fuel-Tracker/node_modules/vite/dist/node/chunks/config.js:27082:10)
      at async EnvironmentPluginContainer.transform (file:///f:/Peter/Practice/Fuel-Tracker/node_modules/vite/dist/node/chunks/config.js:28797:14)
      at async loadAndTransform (file:///f:/Peter/Practice/Fuel-Tracker/node_modules/vite/dist/node/chunks/config.js:22670:26)
[2m3:02:45 p.m.[22m [31m[1m[vite][22m[39m [31m[2m(client)[22m[39m Pre-transform error: Failed to parse source for import analysis because the content contains invalid JS syntax. If you are using JSX, make sure to name the file with the .jsx or .tsx extension.
  Plugin: [35mvite:import-analysis[39m
  File: [36mF:/Peter/Practice/Fuel-Tracker/src/services/excelService.js[39m:10:0
[33m  8  |    'fueltracker-maintenance-reminders-v2': 'Reminders',
  9  |    'fueltracker-maintenance-categories-v1': 'Categories'
  10 |  };
     |  ^
  11 |  
  12 |  export const excelService = {[39m
[2m3:02:51 p.m.[22m [31m[1m[vite][22m[39m [31mInternal server error: Failed to parse source for import analysis because the content contains invalid JS syntax. If you are using JSX, make sure to name the file with the .jsx or .tsx extension.[39m
  Plugin: [35mvite:import-analysis[39m
  File: [36mF:/Peter/Practice/Fuel-Tracker/src/services/excelService.js[39m:10:0
[33m  8  |    'fueltracker-maintenance-reminders-v2': 'Reminders',
  9  |    'fueltracker-maintenance-categories-v1': 'Categories'
  10 |  };
     |  ^
  11 |  
  12 |  export const excelService = {[39m
      at TransformPluginContext._formatLog (file:///f:/Peter/Practice/Fuel-Tracker/node_modules/vite/dist/node/chunks/config.js:28999:43)
      at TransformPluginContext.error (file:///f:/Peter/Practice/Fuel-Tracker/node_modules/vite/dist/node/chunks/config.js:28996:14)
      at TransformPluginContext.transform (file:///f:/Peter/Practice/Fuel-Tracker/node_modules/vite/dist/node/chunks/config.js:27082:10)
      at async EnvironmentPluginContainer.transform (file:///f:/Peter/Practice/Fuel-Tracker/node_modules/vite/dist/node/chunks/config.js:28797:14)
      at async loadAndTransform (file:///f:/Peter/Practice/Fuel-Tracker/node_modules/vite/dist/node/chunks/config.js:22670:26)
      at async viteTransformMiddleware (file:///f:/Peter/Practice/Fuel-Tracker/node_modules/vite/dist/node/chunks/config.js:24542:20)
[2m3:05:08 p.m.[22m [31m[1m[vite][22m[39m [31mInternal server error: F:\Peter\Practice\Fuel-Tracker\src\components\Settings.jsx: Identifier 'formatModal' has already been declared. (51:9)

[0m [90m 49 |[31m     showToast([32m'Fuel prices updated successfully'[31m)[33m;[31m
 [90m 50 |[31m   }[33m;[31m
[31m[1m>[22m[31m[90m 51 |[31m   [36mconst[31m [formatModal[33m,[31m setFormatModal] [33m=[31m useState({ isOpen[33m:[31m [36mfalse[31m[33m,[31m type[33m:[31m [32m'export'[31m })[33m;[31m
 [90m    |[31m          [31m[1m^[22m[31m
 [90m 52 |[31m
 [90m 53 |[31m   [90m// Active Vehicle Form State[31m
 [90m 54 |[31m   [36mconst[31m [activeVehicleForm[33m,[31m setActiveVehicleForm] [33m=[31m useState([36mnull[31m)[33m;[31m[0m[39m
  Plugin: [35mvite:react-babel[39m
  File: [36mF:/Peter/Practice/Fuel-Tracker/src/components/Settings.jsx[39m:51:9
[33m  49 |      showToast('Fuel prices updated successfully');
  50 |    };
  51 |    const [formatModal, setFormatModal] = useState({ isOpen: false, type: 'export' });
     |                                                             ^
  52 |  
  53 |    // Active Vehicle Form State[39m
      at constructor (f:\Peter\Practice\Fuel-Tracker\node_modules\@babel\parser\lib\index.js:365:19)
      at JSXParserMixin.raise (f:\Peter\Practice\Fuel-Tracker\node_modules\@babel\parser\lib\index.js:6599:19)
      at ScopeHandler.checkRedeclarationInScope (f:\Peter\Practice\Fuel-Tracker\node_modules\@babel\parser\lib\index.js:1619:19)
      at ScopeHandler.declareName (f:\Peter\Practice\Fuel-Tracker\node_modules\@babel\parser\lib\index.js:1585:12)
      at JSXParserMixin.declareNameFromIdentifier (f:\Peter\Practice\Fuel-Tracker\node_modules\@babel\parser\lib\index.js:7567:16)
      at JSXParserMixin.checkIdentifier (f:\Peter\Practice\Fuel-Tracker\node_modules\@babel\parser\lib\index.js:7563:12)
      at JSXParserMixin.checkLVal (f:\Peter\Practice\Fuel-Tracker\node_modules\@babel\parser\lib\index.js:7500:12)
      at JSXParserMixin.checkLVal (f:\Peter\Practice\Fuel-Tracker\node_modules\@babel\parser\lib\index.js:7540:16)
      at JSXParserMixin.parseVarId (f:\Peter\Practice\Fuel-Tracker\node_modules\@babel\parser\lib\index.js:13412:10)
      at JSXParserMixin.parseVar (f:\Peter\Practice\Fuel-Tracker\node_modules\@babel\parser\lib\index.js:13383:12)
      at JSXParserMixin.parseVarStatement (f:\Peter\Practice\Fuel-Tracker\node_modules\@babel\parser\lib\index.js:13230:10)
      at JSXParserMixin.parseStatementContent (f:\Peter\Practice\Fuel-Tracker\node_modules\@babel\parser\lib\index.js:12851:23)
      at JSXParserMixin.parseStatementLike (f:\Peter\Practice\Fuel-Tracker\node_modules\@babel\parser\lib\index.js:12767:17)
      at JSXParserMixin.parseStatementListItem (f:\Peter\Practice\Fuel-Tracker\node_modules\@babel\parser\lib\index.js:12747:17)
      at JSXParserMixin.parseBlockOrModuleBlockBody (f:\Peter\Practice\Fuel-Tracker\node_modules\@babel\parser\lib\index.js:13316:61)
      at JSXParserMixin.parseBlockBody (f:\Peter\Practice\Fuel-Tracker\node_modules\@babel\parser\lib\index.js:13309:10)
      at JSXParserMixin.parseBlock (f:\Peter\Practice\Fuel-Tracker\node_modules\@babel\parser\lib\index.js:13297:10)
      at JSXParserMixin.parseFunctionBody (f:\Peter\Practice\Fuel-Tracker\node_modules\@babel\parser\lib\index.js:12100:24)
      at JSXParserMixin.parseFunctionBodyAndFinish (f:\Peter\Practice\Fuel-Tracker\node_modules\@babel\parser\lib\index.js:12086:10)
      at f:\Peter\Practice\Fuel-Tracker\node_modules\@babel\parser\lib\index.js:13445:12
      at JSXParserMixin.withSmartMixTopicForbiddingContext (f:\Peter\Practice\Fuel-Tracker\node_modules\@babel\parser\lib\index.js:12403:14)
      at JSXParserMixin.parseFunction (f:\Peter\Practice\Fuel-Tracker\node_modules\@babel\parser\lib\index.js:13444:10)
      at JSXParserMixin.parseExportDefaultExpression (f:\Peter\Practice\Fuel-Tracker\node_modules\@babel\parser\lib\index.js:13907:19)
      at JSXParserMixin.parseExport (f:\Peter\Practice\Fuel-Tracker\node_modules\@babel\parser\lib\index.js:13828:25)
      at JSXParserMixin.parseStatementContent (f:\Peter\Practice\Fuel-Tracker\node_modules\@babel\parser\lib\index.js:12878:27)
      at JSXParserMixin.parseStatementLike (f:\Peter\Practice\Fuel-Tracker\node_modules\@babel\parser\lib\index.js:12767:17)
      at JSXParserMixin.parseModuleItem (f:\Peter\Practice\Fuel-Tracker\node_modules\@babel\parser\lib\index.js:12744:17)
      at JSXParserMixin.parseBlockOrModuleBlockBody (f:\Peter\Practice\Fuel-Tracker\node_modules\@babel\parser\lib\index.js:13316:36)
      at JSXParserMixin.parseBlockBody (f:\Peter\Practice\Fuel-Tracker\node_modules\@babel\parser\lib\index.js:13309:10)
      at JSXParserMixin.parseProgram (f:\Peter\Practice\Fuel-Tracker\node_modules\@babel\parser\lib\index.js:12622:10)
      at JSXParserMixin.parseTopLevel (f:\Peter\Practice\Fuel-Tracker\node_modules\@babel\parser\lib\index.js:12612:25)
      at JSXParserMixin.parse (f:\Peter\Practice\Fuel-Tracker\node_modules\@babel\parser\lib\index.js:14488:25)
      at parse (f:\Peter\Practice\Fuel-Tracker\node_modules\@babel\parser\lib\index.js:14522:38)
      at parser (f:\Peter\Practice\Fuel-Tracker\node_modules\@babel\core\lib\parser\index.js:41:34)
      at parser.next (<anonymous>)
      at normalizeFile (f:\Peter\Practice\Fuel-Tracker\node_modules\@babel\core\lib\transformation\normalize-file.js:64:37)
      at normalizeFile.next (<anonymous>)
      at run (f:\Peter\Practice\Fuel-Tracker\node_modules\@babel\core\lib\transformation\index.js:22:50)
      at run.next (<anonymous>)
      at transform (f:\Peter\Practice\Fuel-Tracker\node_modules\@babel\core\lib\transform.js:22:33)
      at transform.next (<anonymous>)
      at step (f:\Peter\Practice\Fuel-Tracker\node_modules\gensync\index.js:261:32)
      at f:\Peter\Practice\Fuel-Tracker\node_modules\gensync\index.js:273:13
      at async.call.result.err.err (f:\Peter\Practice\Fuel-Tracker\node_modules\gensync\index.js:223:11)
      at f:\Peter\Practice\Fuel-Tracker\node_modules\gensync\index.js:189:28
      at f:\Peter\Practice\Fuel-Tracker\node_modules\@babel\core\lib\gensync-utils\async.js:67:7
      at f:\Peter\Practice\Fuel-Tracker\node_modules\gensync\index.js:113:33
      at step (f:\Peter\Practice\Fuel-Tracker\node_modules\gensync\index.js:287:14)
      at f:\Peter\Practice\Fuel-Tracker\node_modules\gensync\index.js:273:13
      at async.call.result.err.err (f:\Peter\Practice\Fuel-Tracker\node_modules\gensync\index.js:223:11)
[2m4:53:16 p.m.[22m [31m[1m[vite][22m[39m [31mInternal server error: F:\Peter\Practice\Fuel-Tracker\src\components\Analytics.jsx: Unexpected token (625:32)

[0m [90m 623 |[31m                    [33m<[31m[33mdiv[31m className[33m=[31m[32m"flex items-center gap-3 mb-8"[31m[33m>[31m
 [90m 624 |[31m                       [33m<[31m[33mdiv[31m className[33m=[31m{[32m`w-10 h-10 rounded-2xl bg-${graphs[activeGraphIndex].color}-500/10 flex items-center justify-center text-${graphs[activeGraphIndex].color}-500`[31m}[33m>[31m
[31m[1m>[22m[31m[90m 625 |[31m                          [33m<[31m[33mgraphs[31m[activeGraphIndex][33m.[31micon size[33m=[31m{[35m20[31m} [33m/[31m[33m>[31m
 [90m     |[31m                                 [31m[1m^[22m[31m
 [90m 626 |[31m                       [33m<[31m[33m/[31m[33mdiv[31m[33m>[31m
 [90m 627 |[31m                       [33m<[31m[33mdiv[31m[33m>[31m
 [90m 628 |[31m                          [33m<[31m[33mh3[31m className[33m=[31m[32m"text-base font-bold text-slate-900 dark:text-white leading-tight"[31m[33m>[31m{graphs[activeGraphIndex][33m.[31mtitle}[33m<[31m[33m/[31m[33mh3[31m[33m>[31m[0m[39m
  Plugin: [35mvite:react-babel[39m
  File: [36mF:/Peter/Practice/Fuel-Tracker/src/components/Analytics.jsx[39m:625:32
[33m  635 |                     </div>
  636 |  
  637 |                     {/* Carousel Dots */}
      |                               ^
  638 |                     <div className="flex justify-center gap-1.5 mt-8">
  639 |                        {graphs.map((_, idx) => ([39m
      at constructor (f:\Peter\Practice\Fuel-Tracker\node_modules\@babel\parser\lib\index.js:365:19)
      at JSXParserMixin.raise (f:\Peter\Practice\Fuel-Tracker\node_modules\@babel\parser\lib\index.js:6599:19)
      at JSXParserMixin.unexpected (f:\Peter\Practice\Fuel-Tracker\node_modules\@babel\parser\lib\index.js:6619:16)
      at JSXParserMixin.jsxParseIdentifier (f:\Peter\Practice\Fuel-Tracker\node_modules\@babel\parser\lib\index.js:4569:12)
      at JSXParserMixin.jsxParseNamespacedName (f:\Peter\Practice\Fuel-Tracker\node_modules\@babel\parser\lib\index.js:4576:23)
      at JSXParserMixin.jsxParseAttribute (f:\Peter\Practice\Fuel-Tracker\node_modules\@babel\parser\lib\index.js:4652:22)
      at JSXParserMixin.jsxParseOpeningElementAfterName (f:\Peter\Practice\Fuel-Tracker\node_modules\@babel\parser\lib\index.js:4667:28)
      at JSXParserMixin.jsxParseOpeningElementAt (f:\Peter\Practice\Fuel-Tracker\node_modules\@babel\parser\lib\index.js:4662:17)
      at JSXParserMixin.jsxParseElementAt (f:\Peter\Practice\Fuel-Tracker\node_modules\@babel\parser\lib\index.js:4686:33)
      at JSXParserMixin.jsxParseElementAt (f:\Peter\Practice\Fuel-Tracker\node_modules\@babel\parser\lib\index.js:4698:32)
      at JSXParserMixin.jsxParseElementAt (f:\Peter\Practice\Fuel-Tracker\node_modules\@babel\parser\lib\index.js:4698:32)
      at JSXParserMixin.jsxParseElementAt (f:\Peter\Practice\Fuel-Tracker\node_modules\@babel\parser\lib\index.js:4698:32)
      at JSXParserMixin.jsxParseElementAt (f:\Peter\Practice\Fuel-Tracker\node_modules\@babel\parser\lib\index.js:4698:32)
      at JSXParserMixin.jsxParseElementAt (f:\Peter\Practice\Fuel-Tracker\node_modules\@babel\parser\lib\index.js:4698:32)
      at JSXParserMixin.jsxParseElementAt (f:\Peter\Practice\Fuel-Tracker\node_modules\@babel\parser\lib\index.js:4698:32)
      at JSXParserMixin.jsxParseElementAt (f:\Peter\Practice\Fuel-Tracker\node_modules\@babel\parser\lib\index.js:4698:32)
      at JSXParserMixin.jsxParseElementAt (f:\Peter\Practice\Fuel-Tracker\node_modules\@babel\parser\lib\index.js:4698:32)
      at JSXParserMixin.jsxParseElement (f:\Peter\Practice\Fuel-Tracker\node_modules\@babel\parser\lib\index.js:4749:17)
      at JSXParserMixin.parseExprAtom (f:\Peter\Practice\Fuel-Tracker\node_modules\@babel\parser\lib\index.js:4759:19)
      at JSXParserMixin.parseExprSubscripts (f:\Peter\Practice\Fuel-Tracker\node_modules\@babel\parser\lib\index.js:11081:23)
      at JSXParserMixin.parseUpdate (f:\Peter\Practice\Fuel-Tracker\node_modules\@babel\parser\lib\index.js:11066:21)
      at JSXParserMixin.parseMaybeUnary (f:\Peter\Practice\Fuel-Tracker\node_modules\@babel\parser\lib\index.js:11046:23)
      at JSXParserMixin.parseMaybeUnaryOrPrivate (f:\Peter\Practice\Fuel-Tracker\node_modules\@babel\parser\lib\index.js:10899:61)
      at JSXParserMixin.parseExprOps (f:\Peter\Practice\Fuel-Tracker\node_modules\@babel\parser\lib\index.js:10904:23)
      at JSXParserMixin.parseMaybeConditional (f:\Peter\Practice\Fuel-Tracker\node_modules\@babel\parser\lib\index.js:10881:23)
      at JSXParserMixin.parseMaybeAssign (f:\Peter\Practice\Fuel-Tracker\node_modules\@babel\parser\lib\index.js:10831:21)
      at f:\Peter\Practice\Fuel-Tracker\node_modules\@babel\parser\lib\index.js:10800:39
      at JSXParserMixin.allowInAnd (f:\Peter\Practice\Fuel-Tracker\node_modules\@babel\parser\lib\index.js:12426:12)
      at JSXParserMixin.parseMaybeAssignAllowIn (f:\Peter\Practice\Fuel-Tracker\node_modules\@babel\parser\lib\index.js:10800:17)
      at JSXParserMixin.parseMaybeAssignAllowInOrVoidPattern (f:\Peter\Practice\Fuel-Tracker\node_modules\@babel\parser\lib\index.js:12493:17)
      at JSXParserMixin.parseParenAndDistinguishExpression (f:\Peter\Practice\Fuel-Tracker\node_modules\@babel\parser\lib\index.js:11675:28)
      at JSXParserMixin.parseExprAtom (f:\Peter\Practice\Fuel-Tracker\node_modules\@babel\parser\lib\index.js:11331:23)
      at JSXParserMixin.parseExprAtom (f:\Peter\Practice\Fuel-Tracker\node_modules\@babel\parser\lib\index.js:4764:20)
      at JSXParserMixin.parseExprSubscripts (f:\Peter\Practice\Fuel-Tracker\node_modules\@babel\parser\lib\index.js:11081:23)
      at JSXParserMixin.parseUpdate (f:\Peter\Practice\Fuel-Tracker\node_modules\@babel\parser\lib\index.js:11066:21)
      at JSXParserMixin.parseMaybeUnary (f:\Peter\Practice\Fuel-Tracker\node_modules\@babel\parser\lib\index.js:11046:23)
      at JSXParserMixin.parseMaybeUnaryOrPrivate (f:\Peter\Practice\Fuel-Tracker\node_modules\@babel\parser\lib\index.js:10899:61)
      at JSXParserMixin.parseExprOps (f:\Peter\Practice\Fuel-Tracker\node_modules\@babel\parser\lib\index.js:10904:23)
      at JSXParserMixin.parseMaybeConditional (f:\Peter\Practice\Fuel-Tracker\node_modules\@babel\parser\lib\index.js:10881:23)
      at JSXParserMixin.parseMaybeAssign (f:\Peter\Practice\Fuel-Tracker\node_modules\@babel\parser\lib\index.js:10831:21)
      at JSXParserMixin.parseExpressionBase (f:\Peter\Practice\Fuel-Tracker\node_modules\@babel\parser\lib\index.js:10784:23)
      at f:\Peter\Practice\Fuel-Tracker\node_modules\@babel\parser\lib\index.js:10780:39
      at JSXParserMixin.allowInAnd (f:\Peter\Practice\Fuel-Tracker\node_modules\@babel\parser\lib\index.js:12421:16)
      at JSXParserMixin.parseExpression (f:\Peter\Practice\Fuel-Tracker\node_modules\@babel\parser\lib\index.js:10780:17)
      at JSXParserMixin.parseReturnStatement (f:\Peter\Practice\Fuel-Tracker\node_modules\@babel\parser\lib\index.js:13142:28)
      at JSXParserMixin.parseStatementContent (f:\Peter\Practice\Fuel-Tracker\node_modules\@babel\parser\lib\index.js:12798:21)
      at JSXParserMixin.parseStatementLike (f:\Peter\Practice\Fuel-Tracker\node_modules\@babel\parser\lib\index.js:12767:17)
      at JSXParserMixin.parseStatementListItem (f:\Peter\Practice\Fuel-Tracker\node_modules\@babel\parser\lib\index.js:12747:17)
      at JSXParserMixin.parseBlockOrModuleBlockBody (f:\Peter\Practice\Fuel-Tracker\node_modules\@babel\parser\lib\index.js:13316:61)
      at JSXParserMixin.parseBlockBody (f:\Peter\Practice\Fuel-Tracker\node_modules\@babel\parser\lib\index.js:13309:10)
[2m4:53:35 p.m.[22m [31m[1m[vite][22m[39m [31m[2m(client)[22m[39m Pre-transform error: F:\Peter\Practice\Fuel-Tracker\src\components\Analytics.jsx: Unexpected token (625:32)

[0m [90m 623 |[39m                    [33m<[39m[33mdiv[39m className[33m=[39m[32m"flex items-center gap-3 mb-8"[39m[33m>[39m
 [90m 624 |[39m                       [33m<[39m[33mdiv[39m className[33m=[39m{[32m`w-10 h-10 rounded-2xl bg-${graphs[activeGraphIndex].color}-500/10 flex items-center justify-center text-${graphs[activeGraphIndex].color}-500`[39m}[33m>[39m
[31m[1m>[22m[39m[90m 625 |[39m                          [33m<[39m[33mgraphs[39m[activeGraphIndex][33m.[39micon size[33m=[39m{[35m20[39m} [33m/[39m[33m>[39m
 [90m     |[39m                                 [31m[1m^[22m[39m
 [90m 626 |[39m                       [33m<[39m[33m/[39m[33mdiv[39m[33m>[39m
 [90m 627 |[39m                       [33m<[39m[33mdiv[39m[33m>[39m
 [90m 628 |[39m                          [33m<[39m[33mh3[39m className[33m=[39m[32m"text-base font-bold text-slate-900 dark:text-white leading-tight"[39m[33m>[39m{graphs[activeGraphIndex][33m.[39mtitle}[33m<[39m[33m/[39m[33mh3[39m[33m>[39m[0m
  Plugin: [35mvite:react-babel[39m
  File: [36mF:/Peter/Practice/Fuel-Tracker/src/components/Analytics.jsx[39m:625:32
[33m  635 |                     </div>
  636 |  
  637 |                     {/* Carousel Dots */}
      |                               ^
  638 |                     <div className="flex justify-center gap-1.5 mt-8">
  639 |                        {graphs.map((_, idx) => ([39m
[2m4:53:35 p.m.[22m [31m[1m[vite][22m[39m [31mInternal server error: F:\Peter\Practice\Fuel-Tracker\src\components\Analytics.jsx: Unexpected token (625:32)

[0m [90m 623 |[31m                    [33m<[31m[33mdiv[31m className[33m=[31m[32m"flex items-center gap-3 mb-8"[31m[33m>[31m
 [90m 624 |[31m                       [33m<[31m[33mdiv[31m className[33m=[31m{[32m`w-10 h-10 rounded-2xl bg-${graphs[activeGraphIndex].color}-500/10 flex items-center justify-center text-${graphs[activeGraphIndex].color}-500`[31m}[33m>[31m
[31m[1m>[22m[31m[90m 625 |[31m                          [33m<[31m[33mgraphs[31m[activeGraphIndex][33m.[31micon size[33m=[31m{[35m20[31m} [33m/[31m[33m>[31m
 [90m     |[31m                                 [31m[1m^[22m[31m
 [90m 626 |[31m                       [33m<[31m[33m/[31m[33mdiv[31m[33m>[31m
 [90m 627 |[31m                       [33m<[31m[33mdiv[31m[33m>[31m
 [90m 628 |[31m                          [33m<[31m[33mh3[31m className[33m=[31m[32m"text-base font-bold text-slate-900 dark:text-white leading-tight"[31m[33m>[31m{graphs[activeGraphIndex][33m.[31mtitle}[33m<[31m[33m/[31m[33mh3[31m[33m>[31m[0m[39m
  Plugin: [35mvite:react-babel[39m
  File: [36mF:/Peter/Practice/Fuel-Tracker/src/components/Analytics.jsx[39m:625:32
[33m  635 |                     </div>
  636 |  
  637 |                     {/* Carousel Dots */}
      |                               ^
  638 |                     <div className="flex justify-center gap-1.5 mt-8">
  639 |                        {graphs.map((_, idx) => ([39m
      at constructor (f:\Peter\Practice\Fuel-Tracker\node_modules\@babel\parser\lib\index.js:365:19)
      at JSXParserMixin.raise (f:\Peter\Practice\Fuel-Tracker\node_modules\@babel\parser\lib\index.js:6599:19)
      at JSXParserMixin.unexpected (f:\Peter\Practice\Fuel-Tracker\node_modules\@babel\parser\lib\index.js:6619:16)
      at JSXParserMixin.jsxParseIdentifier (f:\Peter\Practice\Fuel-Tracker\node_modules\@babel\parser\lib\index.js:4569:12)
      at JSXParserMixin.jsxParseNamespacedName (f:\Peter\Practice\Fuel-Tracker\node_modules\@babel\parser\lib\index.js:4576:23)
      at JSXParserMixin.jsxParseAttribute (f:\Peter\Practice\Fuel-Tracker\node_modules\@babel\parser\lib\index.js:4652:22)
      at JSXParserMixin.jsxParseOpeningElementAfterName (f:\Peter\Practice\Fuel-Tracker\node_modules\@babel\parser\lib\index.js:4667:28)
      at JSXParserMixin.jsxParseOpeningElementAt (f:\Peter\Practice\Fuel-Tracker\node_modules\@babel\parser\lib\index.js:4662:17)
      at JSXParserMixin.jsxParseElementAt (f:\Peter\Practice\Fuel-Tracker\node_modules\@babel\parser\lib\index.js:4686:33)
      at JSXParserMixin.jsxParseElementAt (f:\Peter\Practice\Fuel-Tracker\node_modules\@babel\parser\lib\index.js:4698:32)
      at JSXParserMixin.jsxParseElementAt (f:\Peter\Practice\Fuel-Tracker\node_modules\@babel\parser\lib\index.js:4698:32)
      at JSXParserMixin.jsxParseElementAt (f:\Peter\Practice\Fuel-Tracker\node_modules\@babel\parser\lib\index.js:4698:32)
      at JSXParserMixin.jsxParseElementAt (f:\Peter\Practice\Fuel-Tracker\node_modules\@babel\parser\lib\index.js:4698:32)
      at JSXParserMixin.jsxParseElementAt (f:\Peter\Practice\Fuel-Tracker\node_modules\@babel\parser\lib\index.js:4698:32)
      at JSXParserMixin.jsxParseElementAt (f:\Peter\Practice\Fuel-Tracker\node_modules\@babel\parser\lib\index.js:4698:32)
      at JSXParserMixin.jsxParseElementAt (f:\Peter\Practice\Fuel-Tracker\node_modules\@babel\parser\lib\index.js:4698:32)
      at JSXParserMixin.jsxParseElementAt (f:\Peter\Practice\Fuel-Tracker\node_modules\@babel\parser\lib\index.js:4698:32)
      at JSXParserMixin.jsxParseElement (f:\Peter\Practice\Fuel-Tracker\node_modules\@babel\parser\lib\index.js:4749:17)
      at JSXParserMixin.parseExprAtom (f:\Peter\Practice\Fuel-Tracker\node_modules\@babel\parser\lib\index.js:4759:19)
      at JSXParserMixin.parseExprSubscripts (f:\Peter\Practice\Fuel-Tracker\node_modules\@babel\parser\lib\index.js:11081:23)
      at JSXParserMixin.parseUpdate (f:\Peter\Practice\Fuel-Tracker\node_modules\@babel\parser\lib\index.js:11066:21)
      at JSXParserMixin.parseMaybeUnary (f:\Peter\Practice\Fuel-Tracker\node_modules\@babel\parser\lib\index.js:11046:23)
      at JSXParserMixin.parseMaybeUnaryOrPrivate (f:\Peter\Practice\Fuel-Tracker\node_modules\@babel\parser\lib\index.js:10899:61)
      at JSXParserMixin.parseExprOps (f:\Peter\Practice\Fuel-Tracker\node_modules\@babel\parser\lib\index.js:10904:23)
      at JSXParserMixin.parseMaybeConditional (f:\Peter\Practice\Fuel-Tracker\node_modules\@babel\parser\lib\index.js:10881:23)
      at JSXParserMixin.parseMaybeAssign (f:\Peter\Practice\Fuel-Tracker\node_modules\@babel\parser\lib\index.js:10831:21)
      at f:\Peter\Practice\Fuel-Tracker\node_modules\@babel\parser\lib\index.js:10800:39
      at JSXParserMixin.allowInAnd (f:\Peter\Practice\Fuel-Tracker\node_modules\@babel\parser\lib\index.js:12426:12)
      at JSXParserMixin.parseMaybeAssignAllowIn (f:\Peter\Practice\Fuel-Tracker\node_modules\@babel\parser\lib\index.js:10800:17)
      at JSXParserMixin.parseMaybeAssignAllowInOrVoidPattern (f:\Peter\Practice\Fuel-Tracker\node_modules\@babel\parser\lib\index.js:12493:17)
      at JSXParserMixin.parseParenAndDistinguishExpression (f:\Peter\Practice\Fuel-Tracker\node_modules\@babel\parser\lib\index.js:11675:28)
      at JSXParserMixin.parseExprAtom (f:\Peter\Practice\Fuel-Tracker\node_modules\@babel\parser\lib\index.js:11331:23)
      at JSXParserMixin.parseExprAtom (f:\Peter\Practice\Fuel-Tracker\node_modules\@babel\parser\lib\index.js:4764:20)
      at JSXParserMixin.parseExprSubscripts (f:\Peter\Practice\Fuel-Tracker\node_modules\@babel\parser\lib\index.js:11081:23)
      at JSXParserMixin.parseUpdate (f:\Peter\Practice\Fuel-Tracker\node_modules\@babel\parser\lib\index.js:11066:21)
      at JSXParserMixin.parseMaybeUnary (f:\Peter\Practice\Fuel-Tracker\node_modules\@babel\parser\lib\index.js:11046:23)
      at JSXParserMixin.parseMaybeUnaryOrPrivate (f:\Peter\Practice\Fuel-Tracker\node_modules\@babel\parser\lib\index.js:10899:61)
      at JSXParserMixin.parseExprOps (f:\Peter\Practice\Fuel-Tracker\node_modules\@babel\parser\lib\index.js:10904:23)
      at JSXParserMixin.parseMaybeConditional (f:\Peter\Practice\Fuel-Tracker\node_modules\@babel\parser\lib\index.js:10881:23)
      at JSXParserMixin.parseMaybeAssign (f:\Peter\Practice\Fuel-Tracker\node_modules\@babel\parser\lib\index.js:10831:21)
      at JSXParserMixin.parseExpressionBase (f:\Peter\Practice\Fuel-Tracker\node_modules\@babel\parser\lib\index.js:10784:23)
      at f:\Peter\Practice\Fuel-Tracker\node_modules\@babel\parser\lib\index.js:10780:39
      at JSXParserMixin.allowInAnd (f:\Peter\Practice\Fuel-Tracker\node_modules\@babel\parser\lib\index.js:12421:16)
      at JSXParserMixin.parseExpression (f:\Peter\Practice\Fuel-Tracker\node_modules\@babel\parser\lib\index.js:10780:17)
      at JSXParserMixin.parseReturnStatement (f:\Peter\Practice\Fuel-Tracker\node_modules\@babel\parser\lib\index.js:13142:28)
      at JSXParserMixin.parseStatementContent (f:\Peter\Practice\Fuel-Tracker\node_modules\@babel\parser\lib\index.js:12798:21)
      at JSXParserMixin.parseStatementLike (f:\Peter\Practice\Fuel-Tracker\node_modules\@babel\parser\lib\index.js:12767:17)
      at JSXParserMixin.parseStatementListItem (f:\Peter\Practice\Fuel-Tracker\node_modules\@babel\parser\lib\index.js:12747:17)
      at JSXParserMixin.parseBlockOrModuleBlockBody (f:\Peter\Practice\Fuel-Tracker\node_modules\@babel\parser\lib\index.js:13316:61)
      at JSXParserMixin.parseBlockBody (f:\Peter\Practice\Fuel-Tracker\node_modules\@babel\parser\lib\index.js:13309:10)
[2m4:53:39 p.m.[22m [31m[1m[vite][22m[39m [31mInternal server error: F:\Peter\Practice\Fuel-Tracker\src\components\Analytics.jsx: Unexpected token (625:32)

[0m [90m 623 |[31m                    [33m<[31m[33mdiv[31m className[33m=[31m[32m"flex items-center gap-3 mb-8"[31m[33m>[31m
 [90m 624 |[31m                       [33m<[31m[33mdiv[31m className[33m=[31m{[32m`w-10 h-10 rounded-2xl bg-${graphs[activeGraphIndex].color}-500/10 flex items-center justify-center text-${graphs[activeGraphIndex].color}-500`[31m}[33m>[31m
[31m[1m>[22m[31m[90m 625 |[31m                          [33m<[31m[33mgraphs[31m[activeGraphIndex][33m.[31micon size[33m=[31m{[35m20[31m} [33m/[31m[33m>[31m
 [90m     |[31m                                 [31m[1m^[22m[31m
 [90m 626 |[31m                       [33m<[31m[33m/[31m[33mdiv[31m[33m>[31m
 [90m 627 |[31m                       [33m<[31m[33mdiv[31m[33m>[31m
 [90m 628 |[31m                          [33m<[31m[33mh3[31m className[33m=[31m[32m"text-base font-bold text-slate-900 dark:text-white leading-tight"[31m[33m>[31m{graphs[activeGraphIndex][33m.[31mtitle}[33m<[31m[33m/[31m[33mh3[31m[33m>[31m[0m[39m
  Plugin: [35mvite:react-babel[39m
  File: [36mF:/Peter/Practice/Fuel-Tracker/src/components/Analytics.jsx[39m:625:32
[33m  635 |                     </div>
  636 |  
  637 |                     {/* Carousel Dots */}
      |                               ^
  638 |                     <div className="flex justify-center gap-1.5 mt-8">
  639 |                        {graphs.map((_, idx) => ([39m
      at constructor (f:\Peter\Practice\Fuel-Tracker\node_modules\@babel\parser\lib\index.js:365:19)
      at JSXParserMixin.raise (f:\Peter\Practice\Fuel-Tracker\node_modules\@babel\parser\lib\index.js:6599:19)
      at JSXParserMixin.unexpected (f:\Peter\Practice\Fuel-Tracker\node_modules\@babel\parser\lib\index.js:6619:16)
      at JSXParserMixin.jsxParseIdentifier (f:\Peter\Practice\Fuel-Tracker\node_modules\@babel\parser\lib\index.js:4569:12)
      at JSXParserMixin.jsxParseNamespacedName (f:\Peter\Practice\Fuel-Tracker\node_modules\@babel\parser\lib\index.js:4576:23)
      at JSXParserMixin.jsxParseAttribute (f:\Peter\Practice\Fuel-Tracker\node_modules\@babel\parser\lib\index.js:4652:22)
      at JSXParserMixin.jsxParseOpeningElementAfterName (f:\Peter\Practice\Fuel-Tracker\node_modules\@babel\parser\lib\index.js:4667:28)
      at JSXParserMixin.jsxParseOpeningElementAt (f:\Peter\Practice\Fuel-Tracker\node_modules\@babel\parser\lib\index.js:4662:17)
      at JSXParserMixin.jsxParseElementAt (f:\Peter\Practice\Fuel-Tracker\node_modules\@babel\parser\lib\index.js:4686:33)
      at JSXParserMixin.jsxParseElementAt (f:\Peter\Practice\Fuel-Tracker\node_modules\@babel\parser\lib\index.js:4698:32)
      at JSXParserMixin.jsxParseElementAt (f:\Peter\Practice\Fuel-Tracker\node_modules\@babel\parser\lib\index.js:4698:32)
      at JSXParserMixin.jsxParseElementAt (f:\Peter\Practice\Fuel-Tracker\node_modules\@babel\parser\lib\index.js:4698:32)
      at JSXParserMixin.jsxParseElementAt (f:\Peter\Practice\Fuel-Tracker\node_modules\@babel\parser\lib\index.js:4698:32)
      at JSXParserMixin.jsxParseElementAt (f:\Peter\Practice\Fuel-Tracker\node_modules\@babel\parser\lib\index.js:4698:32)
      at JSXParserMixin.jsxParseElementAt (f:\Peter\Practice\Fuel-Tracker\node_modules\@babel\parser\lib\index.js:4698:32)
      at JSXParserMixin.jsxParseElementAt (f:\Peter\Practice\Fuel-Tracker\node_modules\@babel\parser\lib\index.js:4698:32)
      at JSXParserMixin.jsxParseElementAt (f:\Peter\Practice\Fuel-Tracker\node_modules\@babel\parser\lib\index.js:4698:32)
      at JSXParserMixin.jsxParseElement (f:\Peter\Practice\Fuel-Tracker\node_modules\@babel\parser\lib\index.js:4749:17)
      at JSXParserMixin.parseExprAtom (f:\Peter\Practice\Fuel-Tracker\node_modules\@babel\parser\lib\index.js:4759:19)
      at JSXParserMixin.parseExprSubscripts (f:\Peter\Practice\Fuel-Tracker\node_modules\@babel\parser\lib\index.js:11081:23)
      at JSXParserMixin.parseUpdate (f:\Peter\Practice\Fuel-Tracker\node_modules\@babel\parser\lib\index.js:11066:21)
      at JSXParserMixin.parseMaybeUnary (f:\Peter\Practice\Fuel-Tracker\node_modules\@babel\parser\lib\index.js:11046:23)
      at JSXParserMixin.parseMaybeUnaryOrPrivate (f:\Peter\Practice\Fuel-Tracker\node_modules\@babel\parser\lib\index.js:10899:61)
      at JSXParserMixin.parseExprOps (f:\Peter\Practice\Fuel-Tracker\node_modules\@babel\parser\lib\index.js:10904:23)
      at JSXParserMixin.parseMaybeConditional (f:\Peter\Practice\Fuel-Tracker\node_modules\@babel\parser\lib\index.js:10881:23)
      at JSXParserMixin.parseMaybeAssign (f:\Peter\Practice\Fuel-Tracker\node_modules\@babel\parser\lib\index.js:10831:21)
      at f:\Peter\Practice\Fuel-Tracker\node_modules\@babel\parser\lib\index.js:10800:39
      at JSXParserMixin.allowInAnd (f:\Peter\Practice\Fuel-Tracker\node_modules\@babel\parser\lib\index.js:12426:12)
      at JSXParserMixin.parseMaybeAssignAllowIn (f:\Peter\Practice\Fuel-Tracker\node_modules\@babel\parser\lib\index.js:10800:17)
      at JSXParserMixin.parseMaybeAssignAllowInOrVoidPattern (f:\Peter\Practice\Fuel-Tracker\node_modules\@babel\parser\lib\index.js:12493:17)
      at JSXParserMixin.parseParenAndDistinguishExpression (f:\Peter\Practice\Fuel-Tracker\node_modules\@babel\parser\lib\index.js:11675:28)
      at JSXParserMixin.parseExprAtom (f:\Peter\Practice\Fuel-Tracker\node_modules\@babel\parser\lib\index.js:11331:23)
      at JSXParserMixin.parseExprAtom (f:\Peter\Practice\Fuel-Tracker\node_modules\@babel\parser\lib\index.js:4764:20)
      at JSXParserMixin.parseExprSubscripts (f:\Peter\Practice\Fuel-Tracker\node_modules\@babel\parser\lib\index.js:11081:23)
      at JSXParserMixin.parseUpdate (f:\Peter\Practice\Fuel-Tracker\node_modules\@babel\parser\lib\index.js:11066:21)
      at JSXParserMixin.parseMaybeUnary (f:\Peter\Practice\Fuel-Tracker\node_modules\@babel\parser\lib\index.js:11046:23)
      at JSXParserMixin.parseMaybeUnaryOrPrivate (f:\Peter\Practice\Fuel-Tracker\node_modules\@babel\parser\lib\index.js:10899:61)
      at JSXParserMixin.parseExprOps (f:\Peter\Practice\Fuel-Tracker\node_modules\@babel\parser\lib\index.js:10904:23)
      at JSXParserMixin.parseMaybeConditional (f:\Peter\Practice\Fuel-Tracker\node_modules\@babel\parser\lib\index.js:10881:23)
      at JSXParserMixin.parseMaybeAssign (f:\Peter\Practice\Fuel-Tracker\node_modules\@babel\parser\lib\index.js:10831:21)
      at JSXParserMixin.parseExpressionBase (f:\Peter\Practice\Fuel-Tracker\node_modules\@babel\parser\lib\index.js:10784:23)
      at f:\Peter\Practice\Fuel-Tracker\node_modules\@babel\parser\lib\index.js:10780:39
      at JSXParserMixin.allowInAnd (f:\Peter\Practice\Fuel-Tracker\node_modules\@babel\parser\lib\index.js:12421:16)
      at JSXParserMixin.parseExpression (f:\Peter\Practice\Fuel-Tracker\node_modules\@babel\parser\lib\index.js:10780:17)
      at JSXParserMixin.parseReturnStatement (f:\Peter\Practice\Fuel-Tracker\node_modules\@babel\parser\lib\index.js:13142:28)
      at JSXParserMixin.parseStatementContent (f:\Peter\Practice\Fuel-Tracker\node_modules\@babel\parser\lib\index.js:12798:21)
      at JSXParserMixin.parseStatementLike (f:\Peter\Practice\Fuel-Tracker\node_modules\@babel\parser\lib\index.js:12767:17)
      at JSXParserMixin.parseStatementListItem (f:\Peter\Practice\Fuel-Tracker\node_modules\@babel\parser\lib\index.js:12747:17)
      at JSXParserMixin.parseBlockOrModuleBlockBody (f:\Peter\Practice\Fuel-Tracker\node_modules\@babel\parser\lib\index.js:13316:61)
      at JSXParserMixin.parseBlockBody (f:\Peter\Practice\Fuel-Tracker\node_modules\@babel\parser\lib\index.js:13309:10)
[2m4:54:04 p.m.[22m [31m[1m[vite][22m[39m [31m[2m(client)[22m[39m Pre-transform error: F:\Peter\Practice\Fuel-Tracker\src\components\Analytics.jsx: Unexpected token (580:23)

[0m [90m 578 |[39m                   [33m<[39m[33mdiv[39m className[33m=[39m[32m"p-1"[39m[33m>[39m
 [90m 579 |[39m                     {graphs[33m.[39mmap((graph[33m,[39m idx) [33m=>[39m (
[31m[1m>[22m[39m[90m 580 |[39m                       {(() [33m=>[39m {
 [90m     |[39m                        [31m[1m^[22m[39m
 [90m 581 |[39m                         [36mconst[39m [33mGraphIcon[39m [33m=[39m graph[33m.[39micon[33m;[39m
 [90m 582 |[39m                         [36mreturn[39m (
 [90m 583 |[39m                           [33m<[39m[33mbutton[39m[0m
  Plugin: [35mvite:react-babel[39m
  File: [36mF:/Peter/Practice/Fuel-Tracker/src/components/Analytics.jsx[39m:580:23
[33m  589 |                              className={`w-full flex items-center gap-3 px-3 py-2.5 rounded-xl text-left transition-co...
  590 |                                ? 'bg-emerald-500 text-white' 
  591 |                                : 'text-slate-600 dark:text-slate-300 hover:bg-slate-50 dark:hover:bg-white/5'}`}
      |               ^
  592 |                            >
  593 |                              <div className={`w-8 h-8 rounded-lg flex items-center justify-center ${activeGraphIndex =...[39m
[2m4:54:04 p.m.[22m [31m[1m[vite][22m[39m [31mInternal server error: F:\Peter\Practice\Fuel-Tracker\src\components\Analytics.jsx: Unexpected token (580:23)

[0m [90m 578 |[31m                   [33m<[31m[33mdiv[31m className[33m=[31m[32m"p-1"[31m[33m>[31m
 [90m 579 |[31m                     {graphs[33m.[31mmap((graph[33m,[31m idx) [33m=>[31m (
[31m[1m>[22m[31m[90m 580 |[31m                       {(() [33m=>[31m {
 [90m     |[31m                        [31m[1m^[22m[31m
 [90m 581 |[31m                         [36mconst[31m [33mGraphIcon[31m [33m=[31m graph[33m.[31micon[33m;[31m
 [90m 582 |[31m                         [36mreturn[31m (
 [90m 583 |[31m                           [33m<[31m[33mbutton[31m[0m[39m
  Plugin: [35mvite:react-babel[39m
  File: [36mF:/Peter/Practice/Fuel-Tracker/src/components/Analytics.jsx[39m:580:23
[33m  589 |                              className={`w-full flex items-center gap-3 px-3 py-2.5 rounded-xl text-left transition-co...
  590 |                                ? 'bg-emerald-500 text-white' 
  591 |                                : 'text-slate-600 dark:text-slate-300 hover:bg-slate-50 dark:hover:bg-white/5'}`}
      |               ^
  592 |                            >
  593 |                              <div className={`w-8 h-8 rounded-lg flex items-center justify-center ${activeGraphIndex =...[39m
      at constructor (f:\Peter\Practice\Fuel-Tracker\node_modules\@babel\parser\lib\index.js:365:19)
      at JSXParserMixin.raise (f:\Peter\Practice\Fuel-Tracker\node_modules\@babel\parser\lib\index.js:6599:19)
      at JSXParserMixin.unexpected (f:\Peter\Practice\Fuel-Tracker\node_modules\@babel\parser\lib\index.js:6619:16)
      at JSXParserMixin.parsePropertyName (f:\Peter\Practice\Fuel-Tracker\node_modules\@babel\parser\lib\index.js:12024:18)
      at JSXParserMixin.parsePropertyDefinition (f:\Peter\Practice\Fuel-Tracker\node_modules\@babel\parser\lib\index.js:11889:10)
      at JSXParserMixin.parseObjectLike (f:\Peter\Practice\Fuel-Tracker\node_modules\@babel\parser\lib\index.js:11832:21)
      at JSXParserMixin.parseExprAtom (f:\Peter\Practice\Fuel-Tracker\node_modules\@babel\parser\lib\index.js:11339:23)
      at JSXParserMixin.parseExprAtom (f:\Peter\Practice\Fuel-Tracker\node_modules\@babel\parser\lib\index.js:4764:20)
      at JSXParserMixin.parseExprSubscripts (f:\Peter\Practice\Fuel-Tracker\node_modules\@babel\parser\lib\index.js:11081:23)
      at JSXParserMixin.parseUpdate (f:\Peter\Practice\Fuel-Tracker\node_modules\@babel\parser\lib\index.js:11066:21)
      at JSXParserMixin.parseMaybeUnary (f:\Peter\Practice\Fuel-Tracker\node_modules\@babel\parser\lib\index.js:11046:23)
      at JSXParserMixin.parseMaybeUnaryOrPrivate (f:\Peter\Practice\Fuel-Tracker\node_modules\@babel\parser\lib\index.js:10899:61)
      at JSXParserMixin.parseExprOps (f:\Peter\Practice\Fuel-Tracker\node_modules\@babel\parser\lib\index.js:10904:23)
      at JSXParserMixin.parseMaybeConditional (f:\Peter\Practice\Fuel-Tracker\node_modules\@babel\parser\lib\index.js:10881:23)
      at JSXParserMixin.parseMaybeAssign (f:\Peter\Practice\Fuel-Tracker\node_modules\@babel\parser\lib\index.js:10831:21)
      at f:\Peter\Practice\Fuel-Tracker\node_modules\@babel\parser\lib\index.js:10800:39
      at JSXParserMixin.allowInAnd (f:\Peter\Practice\Fuel-Tracker\node_modules\@babel\parser\lib\index.js:12426:12)
      at JSXParserMixin.parseMaybeAssignAllowIn (f:\Peter\Practice\Fuel-Tracker\node_modules\@babel\parser\lib\index.js:10800:17)
      at JSXParserMixin.parseMaybeAssignAllowInOrVoidPattern (f:\Peter\Practice\Fuel-Tracker\node_modules\@babel\parser\lib\index.js:12493:17)
      at JSXParserMixin.parseParenAndDistinguishExpression (f:\Peter\Practice\Fuel-Tracker\node_modules\@babel\parser\lib\index.js:11675:28)
      at JSXParserMixin.parseExprAtom (f:\Peter\Practice\Fuel-Tracker\node_modules\@babel\parser\lib\index.js:11331:23)
      at JSXParserMixin.parseExprAtom (f:\Peter\Practice\Fuel-Tracker\node_modules\@babel\parser\lib\index.js:4764:20)
      at JSXParserMixin.parseExprSubscripts (f:\Peter\Practice\Fuel-Tracker\node_modules\@babel\parser\lib\index.js:11081:23)
      at JSXParserMixin.parseUpdate (f:\Peter\Practice\Fuel-Tracker\node_modules\@babel\parser\lib\index.js:11066:21)
      at JSXParserMixin.parseMaybeUnary (f:\Peter\Practice\Fuel-Tracker\node_modules\@babel\parser\lib\index.js:11046:23)
      at JSXParserMixin.parseMaybeUnaryOrPrivate (f:\Peter\Practice\Fuel-Tracker\node_modules\@babel\parser\lib\index.js:10899:61)
      at JSXParserMixin.parseExprOps (f:\Peter\Practice\Fuel-Tracker\node_modules\@babel\parser\lib\index.js:10904:23)
      at JSXParserMixin.parseMaybeConditional (f:\Peter\Practice\Fuel-Tracker\node_modules\@babel\parser\lib\index.js:10881:23)
      at JSXParserMixin.parseMaybeAssign (f:\Peter\Practice\Fuel-Tracker\node_modules\@babel\parser\lib\index.js:10831:21)
      at JSXParserMixin.parseFunctionBody (f:\Peter\Practice\Fuel-Tracker\node_modules\@babel\parser\lib\index.js:12093:24)
      at JSXParserMixin.parseArrowExpression (f:\Peter\Practice\Fuel-Tracker\node_modules\@babel\parser\lib\index.js:12075:10)
      at JSXParserMixin.parseParenAndDistinguishExpression (f:\Peter\Practice\Fuel-Tracker\node_modules\@babel\parser\lib\index.js:11687:12)
      at JSXParserMixin.parseExprAtom (f:\Peter\Practice\Fuel-Tracker\node_modules\@babel\parser\lib\index.js:11331:23)
      at JSXParserMixin.parseExprAtom (f:\Peter\Practice\Fuel-Tracker\node_modules\@babel\parser\lib\index.js:4764:20)
      at JSXParserMixin.parseExprSubscripts (f:\Peter\Practice\Fuel-Tracker\node_modules\@babel\parser\lib\index.js:11081:23)
      at JSXParserMixin.parseUpdate (f:\Peter\Practice\Fuel-Tracker\node_modules\@babel\parser\lib\index.js:11066:21)
      at JSXParserMixin.parseMaybeUnary (f:\Peter\Practice\Fuel-Tracker\node_modules\@babel\parser\lib\index.js:11046:23)
      at JSXParserMixin.parseMaybeUnaryOrPrivate (f:\Peter\Practice\Fuel-Tracker\node_modules\@babel\parser\lib\index.js:10899:61)
      at JSXParserMixin.parseExprOps (f:\Peter\Practice\Fuel-Tracker\node_modules\@babel\parser\lib\index.js:10904:23)
      at JSXParserMixin.parseMaybeConditional (f:\Peter\Practice\Fuel-Tracker\node_modules\@babel\parser\lib\index.js:10881:23)
      at JSXParserMixin.parseMaybeAssign (f:\Peter\Practice\Fuel-Tracker\node_modules\@babel\parser\lib\index.js:10831:21)
      at f:\Peter\Practice\Fuel-Tracker\node_modules\@babel\parser\lib\index.js:10800:39
      at JSXParserMixin.allowInAnd (f:\Peter\Practice\Fuel-Tracker\node_modules\@babel\parser\lib\index.js:12426:12)
      at JSXParserMixin.parseMaybeAssignAllowIn (f:\Peter\Practice\Fuel-Tracker\node_modules\@babel\parser\lib\index.js:10800:17)
      at JSXParserMixin.parseMaybeAssignAllowInOrVoidPattern (f:\Peter\Practice\Fuel-Tracker\node_modules\@babel\parser\lib\index.js:12493:17)
      at JSXParserMixin.parseExprListItem (f:\Peter\Practice\Fuel-Tracker\node_modules\@babel\parser\lib\index.js:12175:18)
      at JSXParserMixin.parseCallExpressionArguments (f:\Peter\Practice\Fuel-Tracker\node_modules\@babel\parser\lib\index.js:11252:22)
      at JSXParserMixin.parseCoverCallAndAsyncArrowHead (f:\Peter\Practice\Fuel-Tracker\node_modules\@babel\parser\lib\index.js:11186:29)
      at JSXParserMixin.parseSubscript (f:\Peter\Practice\Fuel-Tracker\node_modules\@babel\parser\lib\index.js:11120:19)
      at JSXParserMixin.parseSubscripts (f:\Peter\Practice\Fuel-Tracker\node_modules\@babel\parser\lib\index.js:11094:19)
[2m4:54:20 p.m.[22m [31m[1m[vite][22m[39m [31mInternal server error: F:\Peter\Practice\Fuel-Tracker\src\components\Analytics.jsx: Unexpected token (580:23)

[0m [90m 578 |[31m                   [33m<[31m[33mdiv[31m className[33m=[31m[32m"p-1"[31m[33m>[31m
 [90m 579 |[31m                     {graphs[33m.[31mmap((graph[33m,[31m idx) [33m=>[31m (
[31m[1m>[22m[31m[90m 580 |[31m                       {(() [33m=>[31m {
 [90m     |[31m                        [31m[1m^[22m[31m
 [90m 581 |[31m                         [36mconst[31m [33mGraphIcon[31m [33m=[31m graph[33m.[31micon[33m;[31m
 [90m 582 |[31m                         [36mreturn[31m (
 [90m 583 |[31m                           [33m<[31m[33mbutton[31m[0m[39m
  Plugin: [35mvite:react-babel[39m
  File: [36mF:/Peter/Practice/Fuel-Tracker/src/components/Analytics.jsx[39m:580:23
[33m  589 |                              className={`w-full flex items-center gap-3 px-3 py-2.5 rounded-xl text-left transition-co...
  590 |                                ? 'bg-emerald-500 text-white' 
  591 |                                : 'text-slate-600 dark:text-slate-300 hover:bg-slate-50 dark:hover:bg-white/5'}`}
      |               ^
  592 |                            >
  593 |                              <div className={`w-8 h-8 rounded-lg flex items-center justify-center ${activeGraphIndex =...[39m
      at constructor (f:\Peter\Practice\Fuel-Tracker\node_modules\@babel\parser\lib\index.js:365:19)
      at JSXParserMixin.raise (f:\Peter\Practice\Fuel-Tracker\node_modules\@babel\parser\lib\index.js:6599:19)
      at JSXParserMixin.unexpected (f:\Peter\Practice\Fuel-Tracker\node_modules\@babel\parser\lib\index.js:6619:16)
      at JSXParserMixin.parsePropertyName (f:\Peter\Practice\Fuel-Tracker\node_modules\@babel\parser\lib\index.js:12024:18)
      at JSXParserMixin.parsePropertyDefinition (f:\Peter\Practice\Fuel-Tracker\node_modules\@babel\parser\lib\index.js:11889:10)
      at JSXParserMixin.parseObjectLike (f:\Peter\Practice\Fuel-Tracker\node_modules\@babel\parser\lib\index.js:11832:21)
      at JSXParserMixin.parseExprAtom (f:\Peter\Practice\Fuel-Tracker\node_modules\@babel\parser\lib\index.js:11339:23)
      at JSXParserMixin.parseExprAtom (f:\Peter\Practice\Fuel-Tracker\node_modules\@babel\parser\lib\index.js:4764:20)
      at JSXParserMixin.parseExprSubscripts (f:\Peter\Practice\Fuel-Tracker\node_modules\@babel\parser\lib\index.js:11081:23)
      at JSXParserMixin.parseUpdate (f:\Peter\Practice\Fuel-Tracker\node_modules\@babel\parser\lib\index.js:11066:21)
      at JSXParserMixin.parseMaybeUnary (f:\Peter\Practice\Fuel-Tracker\node_modules\@babel\parser\lib\index.js:11046:23)
      at JSXParserMixin.parseMaybeUnaryOrPrivate (f:\Peter\Practice\Fuel-Tracker\node_modules\@babel\parser\lib\index.js:10899:61)
      at JSXParserMixin.parseExprOps (f:\Peter\Practice\Fuel-Tracker\node_modules\@babel\parser\lib\index.js:10904:23)
      at JSXParserMixin.parseMaybeConditional (f:\Peter\Practice\Fuel-Tracker\node_modules\@babel\parser\lib\index.js:10881:23)
      at JSXParserMixin.parseMaybeAssign (f:\Peter\Practice\Fuel-Tracker\node_modules\@babel\parser\lib\index.js:10831:21)
      at f:\Peter\Practice\Fuel-Tracker\node_modules\@babel\parser\lib\index.js:10800:39
      at JSXParserMixin.allowInAnd (f:\Peter\Practice\Fuel-Tracker\node_modules\@babel\parser\lib\index.js:12426:12)
      at JSXParserMixin.parseMaybeAssignAllowIn (f:\Peter\Practice\Fuel-Tracker\node_modules\@babel\parser\lib\index.js:10800:17)
      at JSXParserMixin.parseMaybeAssignAllowInOrVoidPattern (f:\Peter\Practice\Fuel-Tracker\node_modules\@babel\parser\lib\index.js:12493:17)
      at JSXParserMixin.parseParenAndDistinguishExpression (f:\Peter\Practice\Fuel-Tracker\node_modules\@babel\parser\lib\index.js:11675:28)
      at JSXParserMixin.parseExprAtom (f:\Peter\Practice\Fuel-Tracker\node_modules\@babel\parser\lib\index.js:11331:23)
      at JSXParserMixin.parseExprAtom (f:\Peter\Practice\Fuel-Tracker\node_modules\@babel\parser\lib\index.js:4764:20)
      at JSXParserMixin.parseExprSubscripts (f:\Peter\Practice\Fuel-Tracker\node_modules\@babel\parser\lib\index.js:11081:23)
      at JSXParserMixin.parseUpdate (f:\Peter\Practice\Fuel-Tracker\node_modules\@babel\parser\lib\index.js:11066:21)
      at JSXParserMixin.parseMaybeUnary (f:\Peter\Practice\Fuel-Tracker\node_modules\@babel\parser\lib\index.js:11046:23)
      at JSXParserMixin.parseMaybeUnaryOrPrivate (f:\Peter\Practice\Fuel-Tracker\node_modules\@babel\parser\lib\index.js:10899:61)
      at JSXParserMixin.parseExprOps (f:\Peter\Practice\Fuel-Tracker\node_modules\@babel\parser\lib\index.js:10904:23)
      at JSXParserMixin.parseMaybeConditional (f:\Peter\Practice\Fuel-Tracker\node_modules\@babel\parser\lib\index.js:10881:23)
      at JSXParserMixin.parseMaybeAssign (f:\Peter\Practice\Fuel-Tracker\node_modules\@babel\parser\lib\index.js:10831:21)
      at JSXParserMixin.parseFunctionBody (f:\Peter\Practice\Fuel-Tracker\node_modules\@babel\parser\lib\index.js:12093:24)
      at JSXParserMixin.parseArrowExpression (f:\Peter\Practice\Fuel-Tracker\node_modules\@babel\parser\lib\index.js:12075:10)
      at JSXParserMixin.parseParenAndDistinguishExpression (f:\Peter\Practice\Fuel-Tracker\node_modules\@babel\parser\lib\index.js:11687:12)
      at JSXParserMixin.parseExprAtom (f:\Peter\Practice\Fuel-Tracker\node_modules\@babel\parser\lib\index.js:11331:23)
      at JSXParserMixin.parseExprAtom (f:\Peter\Practice\Fuel-Tracker\node_modules\@babel\parser\lib\index.js:4764:20)
      at JSXParserMixin.parseExprSubscripts (f:\Peter\Practice\Fuel-Tracker\node_modules\@babel\parser\lib\index.js:11081:23)
      at JSXParserMixin.parseUpdate (f:\Peter\Practice\Fuel-Tracker\node_modules\@babel\parser\lib\index.js:11066:21)
      at JSXParserMixin.parseMaybeUnary (f:\Peter\Practice\Fuel-Tracker\node_modules\@babel\parser\lib\index.js:11046:23)
      at JSXParserMixin.parseMaybeUnaryOrPrivate (f:\Peter\Practice\Fuel-Tracker\node_modules\@babel\parser\lib\index.js:10899:61)
      at JSXParserMixin.parseExprOps (f:\Peter\Practice\Fuel-Tracker\node_modules\@babel\parser\lib\index.js:10904:23)
      at JSXParserMixin.parseMaybeConditional (f:\Peter\Practice\Fuel-Tracker\node_modules\@babel\parser\lib\index.js:10881:23)
      at JSXParserMixin.parseMaybeAssign (f:\Peter\Practice\Fuel-Tracker\node_modules\@babel\parser\lib\index.js:10831:21)
      at f:\Peter\Practice\Fuel-Tracker\node_modules\@babel\parser\lib\index.js:10800:39
      at JSXParserMixin.allowInAnd (f:\Peter\Practice\Fuel-Tracker\node_modules\@babel\parser\lib\index.js:12426:12)
      at JSXParserMixin.parseMaybeAssignAllowIn (f:\Peter\Practice\Fuel-Tracker\node_modules\@babel\parser\lib\index.js:10800:17)
      at JSXParserMixin.parseMaybeAssignAllowInOrVoidPattern (f:\Peter\Practice\Fuel-Tracker\node_modules\@babel\parser\lib\index.js:12493:17)
      at JSXParserMixin.parseExprListItem (f:\Peter\Practice\Fuel-Tracker\node_modules\@babel\parser\lib\index.js:12175:18)
      at JSXParserMixin.parseCallExpressionArguments (f:\Peter\Practice\Fuel-Tracker\node_modules\@babel\parser\lib\index.js:11252:22)
      at JSXParserMixin.parseCoverCallAndAsyncArrowHead (f:\Peter\Practice\Fuel-Tracker\node_modules\@babel\parser\lib\index.js:11186:29)
      at JSXParserMixin.parseSubscript (f:\Peter\Practice\Fuel-Tracker\node_modules\@babel\parser\lib\index.js:11120:19)
      at JSXParserMixin.parseSubscripts (f:\Peter\Practice\Fuel-Tracker\node_modules\@babel\parser\lib\index.js:11094:19)
[2m4:54:22 p.m.[22m [31m[1m[vite][22m[39m [31mInternal server error: F:\Peter\Practice\Fuel-Tracker\src\components\Analytics.jsx: Unexpected token (580:23)

[0m [90m 578 |[31m                   [33m<[31m[33mdiv[31m className[33m=[31m[32m"p-1"[31m[33m>[31m
 [90m 579 |[31m                     {graphs[33m.[31mmap((graph[33m,[31m idx) [33m=>[31m (
[31m[1m>[22m[31m[90m 580 |[31m                       {(() [33m=>[31m {
 [90m     |[31m                        [31m[1m^[22m[31m
 [90m 581 |[31m                         [36mconst[31m [33mGraphIcon[31m [33m=[31m graph[33m.[31micon[33m;[31m
 [90m 582 |[31m                         [36mreturn[31m (
 [90m 583 |[31m                           [33m<[31m[33mbutton[31m[0m[39m
  Plugin: [35mvite:react-babel[39m
  File: [36mF:/Peter/Practice/Fuel-Tracker/src/components/Analytics.jsx[39m:580:23
[33m  589 |                              className={`w-full flex items-center gap-3 px-3 py-2.5 rounded-xl text-left transition-co...
  590 |                                ? 'bg-emerald-500 text-white' 
  591 |                                : 'text-slate-600 dark:text-slate-300 hover:bg-slate-50 dark:hover:bg-white/5'}`}
      |               ^
  592 |                            >
  593 |                              <div className={`w-8 h-8 rounded-lg flex items-center justify-center ${activeGraphIndex =...[39m
      at constructor (f:\Peter\Practice\Fuel-Tracker\node_modules\@babel\parser\lib\index.js:365:19)
      at JSXParserMixin.raise (f:\Peter\Practice\Fuel-Tracker\node_modules\@babel\parser\lib\index.js:6599:19)
      at JSXParserMixin.unexpected (f:\Peter\Practice\Fuel-Tracker\node_modules\@babel\parser\lib\index.js:6619:16)
      at JSXParserMixin.parsePropertyName (f:\Peter\Practice\Fuel-Tracker\node_modules\@babel\parser\lib\index.js:12024:18)
      at JSXParserMixin.parsePropertyDefinition (f:\Peter\Practice\Fuel-Tracker\node_modules\@babel\parser\lib\index.js:11889:10)
      at JSXParserMixin.parseObjectLike (f:\Peter\Practice\Fuel-Tracker\node_modules\@babel\parser\lib\index.js:11832:21)
      at JSXParserMixin.parseExprAtom (f:\Peter\Practice\Fuel-Tracker\node_modules\@babel\parser\lib\index.js:11339:23)
      at JSXParserMixin.parseExprAtom (f:\Peter\Practice\Fuel-Tracker\node_modules\@babel\parser\lib\index.js:4764:20)
      at JSXParserMixin.parseExprSubscripts (f:\Peter\Practice\Fuel-Tracker\node_modules\@babel\parser\lib\index.js:11081:23)
      at JSXParserMixin.parseUpdate (f:\Peter\Practice\Fuel-Tracker\node_modules\@babel\parser\lib\index.js:11066:21)
      at JSXParserMixin.parseMaybeUnary (f:\Peter\Practice\Fuel-Tracker\node_modules\@babel\parser\lib\index.js:11046:23)
      at JSXParserMixin.parseMaybeUnaryOrPrivate (f:\Peter\Practice\Fuel-Tracker\node_modules\@babel\parser\lib\index.js:10899:61)
      at JSXParserMixin.parseExprOps (f:\Peter\Practice\Fuel-Tracker\node_modules\@babel\parser\lib\index.js:10904:23)
      at JSXParserMixin.parseMaybeConditional (f:\Peter\Practice\Fuel-Tracker\node_modules\@babel\parser\lib\index.js:10881:23)
      at JSXParserMixin.parseMaybeAssign (f:\Peter\Practice\Fuel-Tracker\node_modules\@babel\parser\lib\index.js:10831:21)
      at f:\Peter\Practice\Fuel-Tracker\node_modules\@babel\parser\lib\index.js:10800:39
      at JSXParserMixin.allowInAnd (f:\Peter\Practice\Fuel-Tracker\node_modules\@babel\parser\lib\index.js:12426:12)
      at JSXParserMixin.parseMaybeAssignAllowIn (f:\Peter\Practice\Fuel-Tracker\node_modules\@babel\parser\lib\index.js:10800:17)
      at JSXParserMixin.parseMaybeAssignAllowInOrVoidPattern (f:\Peter\Practice\Fuel-Tracker\node_modules\@babel\parser\lib\index.js:12493:17)
      at JSXParserMixin.parseParenAndDistinguishExpression (f:\Peter\Practice\Fuel-Tracker\node_modules\@babel\parser\lib\index.js:11675:28)
      at JSXParserMixin.parseExprAtom (f:\Peter\Practice\Fuel-Tracker\node_modules\@babel\parser\lib\index.js:11331:23)
      at JSXParserMixin.parseExprAtom (f:\Peter\Practice\Fuel-Tracker\node_modules\@babel\parser\lib\index.js:4764:20)
      at JSXParserMixin.parseExprSubscripts (f:\Peter\Practice\Fuel-Tracker\node_modules\@babel\parser\lib\index.js:11081:23)
      at JSXParserMixin.parseUpdate (f:\Peter\Practice\Fuel-Tracker\node_modules\@babel\parser\lib\index.js:11066:21)
      at JSXParserMixin.parseMaybeUnary (f:\Peter\Practice\Fuel-Tracker\node_modules\@babel\parser\lib\index.js:11046:23)
      at JSXParserMixin.parseMaybeUnaryOrPrivate (f:\Peter\Practice\Fuel-Tracker\node_modules\@babel\parser\lib\index.js:10899:61)
      at JSXParserMixin.parseExprOps (f:\Peter\Practice\Fuel-Tracker\node_modules\@babel\parser\lib\index.js:10904:23)
      at JSXParserMixin.parseMaybeConditional (f:\Peter\Practice\Fuel-Tracker\node_modules\@babel\parser\lib\index.js:10881:23)
      at JSXParserMixin.parseMaybeAssign (f:\Peter\Practice\Fuel-Tracker\node_modules\@babel\parser\lib\index.js:10831:21)
      at JSXParserMixin.parseFunctionBody (f:\Peter\Practice\Fuel-Tracker\node_modules\@babel\parser\lib\index.js:12093:24)
      at JSXParserMixin.parseArrowExpression (f:\Peter\Practice\Fuel-Tracker\node_modules\@babel\parser\lib\index.js:12075:10)
      at JSXParserMixin.parseParenAndDistinguishExpression (f:\Peter\Practice\Fuel-Tracker\node_modules\@babel\parser\lib\index.js:11687:12)
      at JSXParserMixin.parseExprAtom (f:\Peter\Practice\Fuel-Tracker\node_modules\@babel\parser\lib\index.js:11331:23)
      at JSXParserMixin.parseExprAtom (f:\Peter\Practice\Fuel-Tracker\node_modules\@babel\parser\lib\index.js:4764:20)
      at JSXParserMixin.parseExprSubscripts (f:\Peter\Practice\Fuel-Tracker\node_modules\@babel\parser\lib\index.js:11081:23)
      at JSXParserMixin.parseUpdate (f:\Peter\Practice\Fuel-Tracker\node_modules\@babel\parser\lib\index.js:11066:21)
      at JSXParserMixin.parseMaybeUnary (f:\Peter\Practice\Fuel-Tracker\node_modules\@babel\parser\lib\index.js:11046:23)
      at JSXParserMixin.parseMaybeUnaryOrPrivate (f:\Peter\Practice\Fuel-Tracker\node_modules\@babel\parser\lib\index.js:10899:61)
      at JSXParserMixin.parseExprOps (f:\Peter\Practice\Fuel-Tracker\node_modules\@babel\parser\lib\index.js:10904:23)
      at JSXParserMixin.parseMaybeConditional (f:\Peter\Practice\Fuel-Tracker\node_modules\@babel\parser\lib\index.js:10881:23)
      at JSXParserMixin.parseMaybeAssign (f:\Peter\Practice\Fuel-Tracker\node_modules\@babel\parser\lib\index.js:10831:21)
      at f:\Peter\Practice\Fuel-Tracker\node_modules\@babel\parser\lib\index.js:10800:39
      at JSXParserMixin.allowInAnd (f:\Peter\Practice\Fuel-Tracker\node_modules\@babel\parser\lib\index.js:12426:12)
      at JSXParserMixin.parseMaybeAssignAllowIn (f:\Peter\Practice\Fuel-Tracker\node_modules\@babel\parser\lib\index.js:10800:17)
      at JSXParserMixin.parseMaybeAssignAllowInOrVoidPattern (f:\Peter\Practice\Fuel-Tracker\node_modules\@babel\parser\lib\index.js:12493:17)
      at JSXParserMixin.parseExprListItem (f:\Peter\Practice\Fuel-Tracker\node_modules\@babel\parser\lib\index.js:12175:18)
      at JSXParserMixin.parseCallExpressionArguments (f:\Peter\Practice\Fuel-Tracker\node_modules\@babel\parser\lib\index.js:11252:22)
      at JSXParserMixin.parseCoverCallAndAsyncArrowHead (f:\Peter\Practice\Fuel-Tracker\node_modules\@babel\parser\lib\index.js:11186:29)
      at JSXParserMixin.parseSubscript (f:\Peter\Practice\Fuel-Tracker\node_modules\@babel\parser\lib\index.js:11120:19)
      at JSXParserMixin.parseSubscripts (f:\Peter\Practice\Fuel-Tracker\node_modules\@babel\parser\lib\index.js:11094:19)
[2m4:54:25 p.m.[22m [31m[1m[vite][22m[39m [31mInternal server error: F:\Peter\Practice\Fuel-Tracker\src\components\Analytics.jsx: Unexpected token (580:23)

[0m [90m 578 |[31m                   [33m<[31m[33mdiv[31m className[33m=[31m[32m"p-1"[31m[33m>[31m
 [90m 579 |[31m                     {graphs[33m.[31mmap((graph[33m,[31m idx) [33m=>[31m (
[31m[1m>[22m[31m[90m 580 |[31m                       {(() [33m=>[31m {
 [90m     |[31m                        [31m[1m^[22m[31m
 [90m 581 |[31m                         [36mconst[31m [33mGraphIcon[31m [33m=[31m graph[33m.[31micon[33m;[31m
 [90m 582 |[31m                         [36mreturn[31m (
 [90m 583 |[31m                           [33m<[31m[33mbutton[31m[0m[39m
  Plugin: [35mvite:react-babel[39m
  File: [36mF:/Peter/Practice/Fuel-Tracker/src/components/Analytics.jsx[39m:580:23
[33m  589 |                              className={`w-full flex items-center gap-3 px-3 py-2.5 rounded-xl text-left transition-co...
  590 |                                ? 'bg-emerald-500 text-white' 
  591 |                                : 'text-slate-600 dark:text-slate-300 hover:bg-slate-50 dark:hover:bg-white/5'}`}
      |               ^
  592 |                            >
  593 |                              <div className={`w-8 h-8 rounded-lg flex items-center justify-center ${activeGraphIndex =...[39m
      at constructor (f:\Peter\Practice\Fuel-Tracker\node_modules\@babel\parser\lib\index.js:365:19)
      at JSXParserMixin.raise (f:\Peter\Practice\Fuel-Tracker\node_modules\@babel\parser\lib\index.js:6599:19)
      at JSXParserMixin.unexpected (f:\Peter\Practice\Fuel-Tracker\node_modules\@babel\parser\lib\index.js:6619:16)
      at JSXParserMixin.parsePropertyName (f:\Peter\Practice\Fuel-Tracker\node_modules\@babel\parser\lib\index.js:12024:18)
      at JSXParserMixin.parsePropertyDefinition (f:\Peter\Practice\Fuel-Tracker\node_modules\@babel\parser\lib\index.js:11889:10)
      at JSXParserMixin.parseObjectLike (f:\Peter\Practice\Fuel-Tracker\node_modules\@babel\parser\lib\index.js:11832:21)
      at JSXParserMixin.parseExprAtom (f:\Peter\Practice\Fuel-Tracker\node_modules\@babel\parser\lib\index.js:11339:23)
      at JSXParserMixin.parseExprAtom (f:\Peter\Practice\Fuel-Tracker\node_modules\@babel\parser\lib\index.js:4764:20)
      at JSXParserMixin.parseExprSubscripts (f:\Peter\Practice\Fuel-Tracker\node_modules\@babel\parser\lib\index.js:11081:23)
      at JSXParserMixin.parseUpdate (f:\Peter\Practice\Fuel-Tracker\node_modules\@babel\parser\lib\index.js:11066:21)
      at JSXParserMixin.parseMaybeUnary (f:\Peter\Practice\Fuel-Tracker\node_modules\@babel\parser\lib\index.js:11046:23)
      at JSXParserMixin.parseMaybeUnaryOrPrivate (f:\Peter\Practice\Fuel-Tracker\node_modules\@babel\parser\lib\index.js:10899:61)
      at JSXParserMixin.parseExprOps (f:\Peter\Practice\Fuel-Tracker\node_modules\@babel\parser\lib\index.js:10904:23)
      at JSXParserMixin.parseMaybeConditional (f:\Peter\Practice\Fuel-Tracker\node_modules\@babel\parser\lib\index.js:10881:23)
      at JSXParserMixin.parseMaybeAssign (f:\Peter\Practice\Fuel-Tracker\node_modules\@babel\parser\lib\index.js:10831:21)
      at f:\Peter\Practice\Fuel-Tracker\node_modules\@babel\parser\lib\index.js:10800:39
      at JSXParserMixin.allowInAnd (f:\Peter\Practice\Fuel-Tracker\node_modules\@babel\parser\lib\index.js:12426:12)
      at JSXParserMixin.parseMaybeAssignAllowIn (f:\Peter\Practice\Fuel-Tracker\node_modules\@babel\parser\lib\index.js:10800:17)
      at JSXParserMixin.parseMaybeAssignAllowInOrVoidPattern (f:\Peter\Practice\Fuel-Tracker\node_modules\@babel\parser\lib\index.js:12493:17)
      at JSXParserMixin.parseParenAndDistinguishExpression (f:\Peter\Practice\Fuel-Tracker\node_modules\@babel\parser\lib\index.js:11675:28)
      at JSXParserMixin.parseExprAtom (f:\Peter\Practice\Fuel-Tracker\node_modules\@babel\parser\lib\index.js:11331:23)
      at JSXParserMixin.parseExprAtom (f:\Peter\Practice\Fuel-Tracker\node_modules\@babel\parser\lib\index.js:4764:20)
      at JSXParserMixin.parseExprSubscripts (f:\Peter\Practice\Fuel-Tracker\node_modules\@babel\parser\lib\index.js:11081:23)
      at JSXParserMixin.parseUpdate (f:\Peter\Practice\Fuel-Tracker\node_modules\@babel\parser\lib\index.js:11066:21)
      at JSXParserMixin.parseMaybeUnary (f:\Peter\Practice\Fuel-Tracker\node_modules\@babel\parser\lib\index.js:11046:23)
      at JSXParserMixin.parseMaybeUnaryOrPrivate (f:\Peter\Practice\Fuel-Tracker\node_modules\@babel\parser\lib\index.js:10899:61)
      at JSXParserMixin.parseExprOps (f:\Peter\Practice\Fuel-Tracker\node_modules\@babel\parser\lib\index.js:10904:23)
      at JSXParserMixin.parseMaybeConditional (f:\Peter\Practice\Fuel-Tracker\node_modules\@babel\parser\lib\index.js:10881:23)
      at JSXParserMixin.parseMaybeAssign (f:\Peter\Practice\Fuel-Tracker\node_modules\@babel\parser\lib\index.js:10831:21)
      at JSXParserMixin.parseFunctionBody (f:\Peter\Practice\Fuel-Tracker\node_modules\@babel\parser\lib\index.js:12093:24)
      at JSXParserMixin.parseArrowExpression (f:\Peter\Practice\Fuel-Tracker\node_modules\@babel\parser\lib\index.js:12075:10)
      at JSXParserMixin.parseParenAndDistinguishExpression (f:\Peter\Practice\Fuel-Tracker\node_modules\@babel\parser\lib\index.js:11687:12)
      at JSXParserMixin.parseExprAtom (f:\Peter\Practice\Fuel-Tracker\node_modules\@babel\parser\lib\index.js:11331:23)
      at JSXParserMixin.parseExprAtom (f:\Peter\Practice\Fuel-Tracker\node_modules\@babel\parser\lib\index.js:4764:20)
      at JSXParserMixin.parseExprSubscripts (f:\Peter\Practice\Fuel-Tracker\node_modules\@babel\parser\lib\index.js:11081:23)
      at JSXParserMixin.parseUpdate (f:\Peter\Practice\Fuel-Tracker\node_modules\@babel\parser\lib\index.js:11066:21)
      at JSXParserMixin.parseMaybeUnary (f:\Peter\Practice\Fuel-Tracker\node_modules\@babel\parser\lib\index.js:11046:23)
      at JSXParserMixin.parseMaybeUnaryOrPrivate (f:\Peter\Practice\Fuel-Tracker\node_modules\@babel\parser\lib\index.js:10899:61)
      at JSXParserMixin.parseExprOps (f:\Peter\Practice\Fuel-Tracker\node_modules\@babel\parser\lib\index.js:10904:23)
      at JSXParserMixin.parseMaybeConditional (f:\Peter\Practice\Fuel-Tracker\node_modules\@babel\parser\lib\index.js:10881:23)
      at JSXParserMixin.parseMaybeAssign (f:\Peter\Practice\Fuel-Tracker\node_modules\@babel\parser\lib\index.js:10831:21)
      at f:\Peter\Practice\Fuel-Tracker\node_modules\@babel\parser\lib\index.js:10800:39
      at JSXParserMixin.allowInAnd (f:\Peter\Practice\Fuel-Tracker\node_modules\@babel\parser\lib\index.js:12426:12)
      at JSXParserMixin.parseMaybeAssignAllowIn (f:\Peter\Practice\Fuel-Tracker\node_modules\@babel\parser\lib\index.js:10800:17)
      at JSXParserMixin.parseMaybeAssignAllowInOrVoidPattern (f:\Peter\Practice\Fuel-Tracker\node_modules\@babel\parser\lib\index.js:12493:17)
      at JSXParserMixin.parseExprListItem (f:\Peter\Practice\Fuel-Tracker\node_modules\@babel\parser\lib\index.js:12175:18)
      at JSXParserMixin.parseCallExpressionArguments (f:\Peter\Practice\Fuel-Tracker\node_modules\@babel\parser\lib\index.js:11252:22)
      at JSXParserMixin.parseCoverCallAndAsyncArrowHead (f:\Peter\Practice\Fuel-Tracker\node_modules\@babel\parser\lib\index.js:11186:29)
      at JSXParserMixin.parseSubscript (f:\Peter\Practice\Fuel-Tracker\node_modules\@babel\parser\lib\index.js:11120:19)
      at JSXParserMixin.parseSubscripts (f:\Peter\Practice\Fuel-Tracker\node_modules\@babel\parser\lib\index.js:11094:19)
